<?xml version="1.0" encoding="UTF-8"?>
<!-- Generated by org.testng.reporters.JUnitXMLReporter -->
<testsuite ignored="0" hostname="LAPTOP-1R7TRGTV" failures="1" tests="29" name="SystemTests" time="545.849" errors="0" timestamp="2026-05-21T11:34:10 ICT">
  <testcase classname="tests.system.auth.AuthSystemTests" name="SYS_01_Register_New_Account" time="13.963"/>
  <testcase classname="tests.system.auth.AuthSystemTests" name="SYS_02_Register_Existing_Email" time="10.846"/>
  <testcase classname="tests.system.auth.AuthSystemTests" name="SYS_03_Login_System" time="6.204"/>
  <testcase classname="tests.system.auth.AuthSystemTests" name="SYS_04_Login_Invalid_Password" time="16.867"/>
  <testcase classname="tests.system.auth.AuthSystemTests" name="SYS_05_Login_Empty_Email" time="3.397"/>
  <testcase classname="tests.system.auth.AuthSystemTests" name="SYS_06_Login_Empty_Password" time="3.467"/>
  <testcase classname="tests.system.product.ProductSystemTests" name="SYS_07_Search_Product_System" time="9.666"/>
  <testcase classname="tests.system.product.ProductSystemTests" name="SYS_08_Search_Invalid" time="18.767"/>
  <testcase classname="tests.system.product.ProductSystemTests" name="SYS_14_View_Product_Detail_System" time="7.471"/>
  <testcase classname="tests.system.product.ProductSystemTests" name="SYS_15_Category_Women_Dress" time="11.005"/>
  <testcase classname="tests.system.product.ProductSystemTests" name="SYS_16_Category_Women_Tops" time="10.012"/>
  <testcase classname="tests.system.product.ProductSystemTests" name="SYS_17_Category_Women_Saree" time="8.838"/>
  <testcase classname="tests.system.product.ProductSystemTests" name="SYS_18_Category_Men_Tshirts" time="10.048"/>
  <testcase classname="tests.system.product.ProductSystemTests" name="SYS_19_Category_Men_Jeans" time="12.661"/>
  <testcase classname="tests.system.product.ProductSystemTests" name="SYS_20_Category_Kids_Dress" time="10.159"/>
  <testcase classname="tests.system.product.ProductSystemTests" name="SYS_21_Category_Kids_Tops_Shirts" time="8.825"/>
  <testcase classname="tests.system.product.ProductSystemTests" name="SYS_22_Brands" time="6.222"/>
  <testcase classname="tests.system.cart.CartSystemTests" name="SYS_09_Add_To_Cart_System" time="8.073"/>
  <testcase classname="tests.system.cart.CartSystemTests" name="SYS_10_Remove_From_Cart" time="10.086"/>
  <testcase classname="tests.system.cart.CartSystemTests" name="SYS_11_Update_Quantity" time="10.674"/>
  <testcase classname="tests.system.ecommerce.EcommerceSystemTests" name="SYS_12_Subscription_System" time="10.216">
    <failure type="org.openqa.selenium.TimeoutException" message="Expected condition failed: waiting for visibility of element located by By.xpath: //*[contains(text(),&amp;apos;Successfully subscribed!&amp;apos;)] (tried for 10 second(s) with 500 milliseconds interval)
Build info: version: &amp;apos;4.20.0&amp;apos;, revision: &amp;apos;866c76ca80&amp;apos;
System info: os.name: &amp;apos;Windows 11&amp;apos;, os.arch: &amp;apos;amd64&amp;apos;, os.version: &amp;apos;10.0&amp;apos;, java.version: &amp;apos;17.0.19&amp;apos;
Driver info: org.openqa.selenium.chrome.ChromeDriver
Capabilities {acceptInsecureCerts: false, browserName: chrome, browserVersion: 148.0.7778.168, chrome: {chromedriverVersion: 148.0.7778.178 (d096af1c9e9..., userDataDir: C:\Users\Le\AppData\Local\T...}, fedcm:accounts: true, goog:chromeOptions: {debuggerAddress: localhost:62065}, goog:processID: 24556, networkConnectionEnabled: false, pageLoadStrategy: normal, platformName: windows, proxy: Proxy(), se:cdp: ws://localhost:62065/devtoo..., se:cdpVersion: 148.0.7778.168, setWindowRect: true, strictFileInteractability: false, timeouts: {implicit: 0, pageLoad: 300000, script: 30000}, unhandledPromptBehavior: dismiss and notify, webauthn:extension:credBlob: true, webauthn:extension:largeBlob: true, webauthn:extension:minPinLength: true, webauthn:extension:prf: true, webauthn:virtualAuthenticators: true}
Session ID: b716f40931b78d1176cefbe0371dda56">
      <![CDATA[org.openqa.selenium.TimeoutException: Expected condition failed: waiting for visibility of element located by By.xpath: //*[contains(text(),'Successfully subscribed!')] (tried for 10 second(s) with 500 milliseconds interval)
Build info: version: '4.20.0', revision: '866c76ca80'
System info: os.name: 'Windows 11', os.arch: 'amd64', os.version: '10.0', java.version: '17.0.19'
Driver info: org.openqa.selenium.chrome.ChromeDriver
Capabilities {acceptInsecureCerts: false, browserName: chrome, browserVersion: 148.0.7778.168, chrome: {chromedriverVersion: 148.0.7778.178 (d096af1c9e9..., userDataDir: C:\Users\Le\AppData\Local\T...}, fedcm:accounts: true, goog:chromeOptions: {debuggerAddress: localhost:62065}, goog:processID: 24556, networkConnectionEnabled: false, pageLoadStrategy: normal, platformName: windows, proxy: Proxy(), se:cdp: ws://localhost:62065/devtoo..., se:cdpVersion: 148.0.7778.168, setWindowRect: true, strictFileInteractability: false, timeouts: {implicit: 0, pageLoad: 300000, script: 30000}, unhandledPromptBehavior: dismiss and notify, webauthn:extension:credBlob: true, webauthn:extension:largeBlob: true, webauthn:extension:minPinLength: true, webauthn:extension:prf: true, webauthn:virtualAuthenticators: true}
Session ID: b716f40931b78d1176cefbe0371dda56
at org.openqa.selenium.support.ui.WebDriverWait.timeoutException(WebDriverWait.java:84)
at org.openqa.selenium.support.ui.FluentWait.until(FluentWait.java:228)
at base.BaseTest.waitVisible(BaseTest.java:59)
at tests.system.ecommerce.EcommerceSystemTests.SYS_12_Subscription_System(EcommerceSystemTests.java:31)
at java.base/java.util.ArrayList.forEach(ArrayList.java:1511)
... Removed 27 stack frames]]>
    </failure>
  </testcase> <!-- SYS_12_Subscription_System -->
  <testcase classname="tests.system.ecommerce.EcommerceSystemTests" name="SYS_13_Contact_Us_System" time="4.95"/>
  <testcase classname="tests.system.ecommerce.EcommerceSystemTests" name="SYS_23_Scroll_Up" time="0.183"/>
  <testcase classname="tests.system.ecommerce.EcommerceSystemTests" name="SYS_24_Scroll_Down" time="7.624"/>
  <testcase classname="tests.system.ecommerce.EcommerceSystemTests" name="SYS_25_Navigate_Products" time="2.663"/>
  <testcase classname="tests.system.ecommerce.EcommerceSystemTests" name="SYS_26_Navigate_TestCases" time="3.514"/>
  <testcase classname="tests.system.ecommerce.EcommerceSystemTests" name="SYS_27_Navigate_API" time="4.922"/>
  <testcase classname="tests.system.ecommerce.EcommerceSystemTests" name="SYS_28_Navigate_Video" time="6.846"/>
  <testcase classname="tests.system.ecommerce.EcommerceSystemTests" name="SYS_29_Navigate_ContactUs" time="4.551"/>
</testsuite> <!-- SystemTests -->
