<?xml version="1.0" encoding="UTF-8"?>
<!-- Generated by org.testng.reporters.JUnitXMLReporter -->
<testsuite ignored="0" hostname="LAPTOP-1R7TRGTV" failures="0" tests="11" name="Default test" time="128.227" errors="0" timestamp="2026-05-21T10:51:59 ICT">
  <testcase classname="tests.system.product.ProductSystemTests" name="SYS_07_Search_Product_System" time="3.525"/>
  <testcase classname="tests.system.product.ProductSystemTests" name="SYS_08_Search_Invalid" time="13.435"/>
  <testcase classname="tests.system.product.ProductSystemTests" name="SYS_14_View_Product_Detail_System" time="3.873"/>
  <testcase classname="tests.system.product.ProductSystemTests" name="SYS_15_Category_Women_Dress" time="4.112"/>
  <testcase classname="tests.system.product.ProductSystemTests" name="SYS_16_Category_Women_Tops" time="3.183"/>
  <testcase classname="tests.system.product.ProductSystemTests" name="SYS_17_Category_Women_Saree" time="7.159"/>
  <testcase classname="tests.system.product.ProductSystemTests" name="SYS_18_Category_Men_Tshirts" time="3.502"/>
  <testcase classname="tests.system.product.ProductSystemTests" name="SYS_19_Category_Men_Jeans" time="4.332"/>
  <testcase classname="tests.system.product.ProductSystemTests" name="SYS_20_Category_Kids_Dress" time="3.954"/>
  <testcase classname="tests.system.product.ProductSystemTests" name="SYS_21_Category_Kids_Tops_Shirts" time="10.305"/>
  <testcase classname="tests.system.product.ProductSystemTests" name="SYS_22_Brands" time="4.95"/>
</testsuite> <!-- Default test -->
