<?xml version="1.0" encoding="UTF-8"?>
<!-- Generated by org.testng.reporters.JUnitXMLReporter -->
<testsuite ignored="0" hostname="LAPTOP-1R7TRGTV" failures="0" tests="21" name="UnitTests" time="0.142" errors="0" timestamp="2026-05-21T10:59:47 ICT">
  <testcase classname="tests.unit.auth.AuthUnitTests" name="UNIT_01_Validate_Email" time="0.019"/>
  <testcase classname="tests.unit.auth.AuthUnitTests" name="UNIT_02_Validate_Email_Invalid" time="0.001"/>
  <testcase classname="tests.unit.auth.AuthUnitTests" name="UNIT_05_Password_Strength" time="0.001"/>
  <testcase classname="tests.unit.auth.AuthUnitTests" name="UNIT_06_Password_TooShort" time="0.001"/>
  <testcase classname="tests.unit.auth.AuthUnitTests" name="UNIT_07_Validate_Password" time="0.001"/>
  <testcase classname="tests.unit.auth.AuthUnitTests" name="UNIT_08_Validate_Password_Invalid" time="0.001"/>
  <testcase classname="tests.unit.auth.AuthUnitTests" name="UNIT_09_Validate_Empty_Email" time="0.001"/>
  <testcase classname="tests.unit.auth.AuthUnitTests" name="UNIT_17_Validate_Empty_Password" time="0.0"/>
  <testcase classname="tests.unit.login.LoginUnitTests" name="UNIT_15_Validate_Login_Data" time="0.001"/>
  <testcase classname="tests.unit.register.RegisterUnitTests" name="UNIT_16_Validate_Register_Data" time="0.0"/>
  <testcase classname="tests.unit.cart.CartUnitTests" name="UNIT_03_Calculate_Total_Cart" time="0.001"/>
  <testcase classname="tests.unit.cart.CartUnitTests" name="UNIT_04_Empty_Cart_Total" time="0.0"/>
  <testcase classname="tests.unit.cart.CartUnitTests" name="UNIT_12_Calculate_Cart_Quantity" time="0.002"/>
  <testcase classname="tests.unit.cart.CartUnitTests" name="UNIT_19_Validate_Cart_Not_Empty" time="0.001"/>
  <testcase classname="tests.unit.checkout.CheckoutUnitTests" name="UNIT_18_Validate_Checkout_Data" time="0.001"/>
  <testcase classname="tests.unit.product.ProductUnitTests" name="UNIT_10_Validate_Search_Keyword" time="0.001"/>
  <testcase classname="tests.unit.product.ProductUnitTests" name="UNIT_11_Calculate_Discount" time="0.0"/>
  <testcase classname="tests.unit.product.ProductUnitTests" name="UNIT_13_Check_Product_Name" time="0.002"/>
  <testcase classname="tests.unit.product.ProductUnitTests" name="UNIT_14_Check_Product_Price" time="0.001"/>
  <testcase classname="tests.unit.product.ProductUnitTests" name="UNIT_20_Validate_Product_Image" time="0.0"/>
  <testcase classname="tests.unit.product.ProductUnitTests" name="UNIT_21_Validate_Popup_Message" time="0.0"/>
</testsuite> <!-- UnitTests -->
