<?xml version="1.0" encoding="UTF-8"?>
<!-- Generated by org.testng.reporters.JUnitXMLReporter -->
<testsuite ignored="0" hostname="LAPTOP-1R7TRGTV" failures="3" tests="24" name="IntegrationTests" time="339.643" errors="0" timestamp="2026-05-21T10:27:37 ICT">
  <testcase classname="tests.integration.auth.AuthIntegrationTests" name="INT_01_Register_New_Account" time="9.7"/>
  <testcase classname="tests.integration.auth.AuthIntegrationTests" name="INT_02_Register_Logout" time="11.922"/>
  <testcase classname="tests.integration.auth.AuthIntegrationTests" name="INT_03_Register_Delete" time="10.041"/>
  <testcase classname="tests.integration.auth.AuthIntegrationTests" name="INT_04_Register_Missing" time="1.808"/>
  <testcase classname="tests.integration.auth.AuthIntegrationTests" name="INT_05_Login_Logout" time="4.543"/>
  <testcase classname="tests.integration.auth.AuthIntegrationTests" name="INT_06_Login_Search" time="6.383"/>
  <testcase classname="tests.integration.auth.AuthIntegrationTests" name="INT_07_Login_AddCart" time="7.296"/>
  <testcase classname="tests.integration.auth.AuthIntegrationTests" name="INT_08_Login_Retry" time="13.493">
    <failure type="org.openqa.selenium.TimeoutException" message="Expected condition failed: waiting for visibility of element located by By.xpath: //*[contains(text(), &amp;apos;incorrect email or password&amp;apos;)] (tried for 10 second(s) with 500 milliseconds interval)
Build info: version: &amp;apos;4.20.0&amp;apos;, revision: &amp;apos;866c76ca80&amp;apos;
System info: os.name: &amp;apos;Windows 11&amp;apos;, os.arch: &amp;apos;amd64&amp;apos;, os.version: &amp;apos;10.0&amp;apos;, java.version: &amp;apos;17.0.19&amp;apos;
Driver info: org.openqa.selenium.chrome.ChromeDriver
Capabilities {acceptInsecureCerts: false, browserName: chrome, browserVersion: 148.0.7778.168, chrome: {chromedriverVersion: 148.0.7778.178 (d096af1c9e9..., userDataDir: C:\Users\Le\AppData\Local\T...}, fedcm:accounts: true, goog:chromeOptions: {debuggerAddress: localhost:49862}, goog:processID: 19236, networkConnectionEnabled: false, pageLoadStrategy: normal, platformName: windows, proxy: Proxy(), se:cdp: ws://localhost:49862/devtoo..., se:cdpVersion: 148.0.7778.168, setWindowRect: true, strictFileInteractability: false, timeouts: {implicit: 0, pageLoad: 300000, script: 30000}, unhandledPromptBehavior: dismiss and notify, webauthn:extension:credBlob: true, webauthn:extension:largeBlob: true, webauthn:extension:minPinLength: true, webauthn:extension:prf: true, webauthn:virtualAuthenticators: true}
Session ID: 7691b03b28b251699702d9541e974528">
      <![CDATA[org.openqa.selenium.TimeoutException: Expected condition failed: waiting for visibility of element located by By.xpath: //*[contains(text(), 'incorrect email or password')] (tried for 10 second(s) with 500 milliseconds interval)
Build info: version: '4.20.0', revision: '866c76ca80'
System info: os.name: 'Windows 11', os.arch: 'amd64', os.version: '10.0', java.version: '17.0.19'
Driver info: org.openqa.selenium.chrome.ChromeDriver
Capabilities {acceptInsecureCerts: false, browserName: chrome, browserVersion: 148.0.7778.168, chrome: {chromedriverVersion: 148.0.7778.178 (d096af1c9e9..., userDataDir: C:\Users\Le\AppData\Local\T...}, fedcm:accounts: true, goog:chromeOptions: {debuggerAddress: localhost:49862}, goog:processID: 19236, networkConnectionEnabled: false, pageLoadStrategy: normal, platformName: windows, proxy: Proxy(), se:cdp: ws://localhost:49862/devtoo..., se:cdpVersion: 148.0.7778.168, setWindowRect: true, strictFileInteractability: false, timeouts: {implicit: 0, pageLoad: 300000, script: 30000}, unhandledPromptBehavior: dismiss and notify, webauthn:extension:credBlob: true, webauthn:extension:largeBlob: true, webauthn:extension:minPinLength: true, webauthn:extension:prf: true, webauthn:virtualAuthenticators: true}
Session ID: 7691b03b28b251699702d9541e974528
at org.openqa.selenium.support.ui.WebDriverWait.timeoutException(WebDriverWait.java:84)
at org.openqa.selenium.support.ui.FluentWait.until(FluentWait.java:228)
at base.BaseTest.waitVisible(BaseTest.java:49)
at tests.integration.auth.AuthIntegrationTests.INT_08_Login_Retry(AuthIntegrationTests.java:139)
at java.base/java.util.ArrayList.forEach(ArrayList.java:1511)
... Removed 27 stack frames]]>
    </failure>
  </testcase> <!-- INT_08_Login_Retry -->
  <testcase classname="tests.integration.auth.AuthIntegrationTests" name="INT_09_Login_Product" time="5.488"/>
  <testcase classname="tests.integration.auth.AuthIntegrationTests" name="INT_10_Login_Contact" time="5.511"/>
  <testcase classname="tests.integration.product.ProductIntegrationTests" name="INT_11_Search_And_Add_To_Cart" time="8.444"/>
  <testcase classname="tests.integration.product.ProductIntegrationTests" name="INT_12_Search_ViewProduct" time="5.937"/>
  <testcase classname="tests.integration.product.ProductIntegrationTests" name="INT_13_Search_Special" time="13.92"/>
  <testcase classname="tests.integration.product.ProductIntegrationTests" name="INT_14_Search_Invalid" time="13.179"/>
  <testcase classname="tests.integration.product.ProductIntegrationTests" name="INT_15_Search_AddMulti" time="6.54"/>
  <testcase classname="tests.integration.product.ProductIntegrationTests" name="INT_16_Search_Category_Cart" time="4.235"/>
  <testcase classname="tests.integration.product.ProductIntegrationTests" name="INT_24_Write_Review_Product" time="3.548"/>
  <testcase classname="tests.integration.cart.CartIntegrationTests" name="INT_17_Add_And_View_Cart" time="7.921"/>
  <testcase classname="tests.integration.cart.CartIntegrationTests" name="INT_18_Open_Product_Add_Add_Cart" time="6.429"/>
  <testcase classname="tests.integration.cart.CartIntegrationTests" name="INT_19_View_UpdateCart" time="17.955">
    <failure type="org.openqa.selenium.TimeoutException" message="Expected condition failed: waiting for visibility of element located by By.xpath: //button[text()=&amp;apos;3&amp;apos;] (tried for 10 second(s) with 500 milliseconds interval)
Build info: version: &amp;apos;4.20.0&amp;apos;, revision: &amp;apos;866c76ca80&amp;apos;
System info: os.name: &amp;apos;Windows 11&amp;apos;, os.arch: &amp;apos;amd64&amp;apos;, os.version: &amp;apos;10.0&amp;apos;, java.version: &amp;apos;17.0.19&amp;apos;
Driver info: org.openqa.selenium.chrome.ChromeDriver
Capabilities {acceptInsecureCerts: false, browserName: chrome, browserVersion: 148.0.7778.168, chrome: {chromedriverVersion: 148.0.7778.178 (d096af1c9e9..., userDataDir: C:\Users\Le\AppData\Local\T...}, fedcm:accounts: true, goog:chromeOptions: {debuggerAddress: localhost:61318}, goog:processID: 29600, networkConnectionEnabled: false, pageLoadStrategy: normal, platformName: windows, proxy: Proxy(), se:cdp: ws://localhost:61318/devtoo..., se:cdpVersion: 148.0.7778.168, setWindowRect: true, strictFileInteractability: false, timeouts: {implicit: 0, pageLoad: 300000, script: 30000}, unhandledPromptBehavior: dismiss and notify, webauthn:extension:credBlob: true, webauthn:extension:largeBlob: true, webauthn:extension:minPinLength: true, webauthn:extension:prf: true, webauthn:virtualAuthenticators: true}
Session ID: f928f54fc1599c6c2f9bb4b5d90c8e72">
      <![CDATA[org.openqa.selenium.TimeoutException: Expected condition failed: waiting for visibility of element located by By.xpath: //button[text()='3'] (tried for 10 second(s) with 500 milliseconds interval)
Build info: version: '4.20.0', revision: '866c76ca80'
System info: os.name: 'Windows 11', os.arch: 'amd64', os.version: '10.0', java.version: '17.0.19'
Driver info: org.openqa.selenium.chrome.ChromeDriver
Capabilities {acceptInsecureCerts: false, browserName: chrome, browserVersion: 148.0.7778.168, chrome: {chromedriverVersion: 148.0.7778.178 (d096af1c9e9..., userDataDir: C:\Users\Le\AppData\Local\T...}, fedcm:accounts: true, goog:chromeOptions: {debuggerAddress: localhost:61318}, goog:processID: 29600, networkConnectionEnabled: false, pageLoadStrategy: normal, platformName: windows, proxy: Proxy(), se:cdp: ws://localhost:61318/devtoo..., se:cdpVersion: 148.0.7778.168, setWindowRect: true, strictFileInteractability: false, timeouts: {implicit: 0, pageLoad: 300000, script: 30000}, unhandledPromptBehavior: dismiss and notify, webauthn:extension:credBlob: true, webauthn:extension:largeBlob: true, webauthn:extension:minPinLength: true, webauthn:extension:prf: true, webauthn:virtualAuthenticators: true}
Session ID: f928f54fc1599c6c2f9bb4b5d90c8e72
at org.openqa.selenium.support.ui.WebDriverWait.timeoutException(WebDriverWait.java:84)
at org.openqa.selenium.support.ui.FluentWait.until(FluentWait.java:228)
at base.BaseTest.waitVisible(BaseTest.java:49)
at tests.integration.cart.CartIntegrationTests.INT_19_View_UpdateCart(CartIntegrationTests.java:70)
at java.base/java.util.ArrayList.forEach(ArrayList.java:1511)
... Removed 27 stack frames]]>
    </failure>
  </testcase> <!-- INT_19_View_UpdateCart -->
  <testcase classname="tests.integration.cart.CartIntegrationTests" name="INT_21_Remove_Product_From_Cart" time="5.856"/>
  <testcase classname="tests.integration.cart.CartIntegrationTests" name="INT_22_Empty_Cart_Checkout" time="12.241"/>
  <testcase classname="tests.integration.checkout.CheckoutIntegrationTests" name="INT_20_Checkout_NoLogin" time="5.637"/>
  <testcase classname="tests.integration.checkout.CheckoutIntegrationTests" name="INT_23_Login_Checkout_Payment" time="23.204">
    <failure type="org.openqa.selenium.TimeoutException" message="Expected condition failed: waiting for visibility of element located by By.xpath: //*[contains(text(),&amp;apos;Order Placed&amp;apos;)] (tried for 10 second(s) with 500 milliseconds interval)
Build info: version: &amp;apos;4.20.0&amp;apos;, revision: &amp;apos;866c76ca80&amp;apos;
System info: os.name: &amp;apos;Windows 11&amp;apos;, os.arch: &amp;apos;amd64&amp;apos;, os.version: &amp;apos;10.0&amp;apos;, java.version: &amp;apos;17.0.19&amp;apos;
Driver info: org.openqa.selenium.chrome.ChromeDriver
Capabilities {acceptInsecureCerts: false, browserName: chrome, browserVersion: 148.0.7778.168, chrome: {chromedriverVersion: 148.0.7778.178 (d096af1c9e9..., userDataDir: C:\Users\Le\AppData\Local\T...}, fedcm:accounts: true, goog:chromeOptions: {debuggerAddress: localhost:53444}, goog:processID: 15928, networkConnectionEnabled: false, pageLoadStrategy: normal, platformName: windows, proxy: Proxy(), se:cdp: ws://localhost:53444/devtoo..., se:cdpVersion: 148.0.7778.168, setWindowRect: true, strictFileInteractability: false, timeouts: {implicit: 0, pageLoad: 300000, script: 30000}, unhandledPromptBehavior: dismiss and notify, webauthn:extension:credBlob: true, webauthn:extension:largeBlob: true, webauthn:extension:minPinLength: true, webauthn:extension:prf: true, webauthn:virtualAuthenticators: true}
Session ID: f34a75020dda7879095b2ee37b274859">
      <![CDATA[org.openqa.selenium.TimeoutException: Expected condition failed: waiting for visibility of element located by By.xpath: //*[contains(text(),'Order Placed')] (tried for 10 second(s) with 500 milliseconds interval)
Build info: version: '4.20.0', revision: '866c76ca80'
System info: os.name: 'Windows 11', os.arch: 'amd64', os.version: '10.0', java.version: '17.0.19'
Driver info: org.openqa.selenium.chrome.ChromeDriver
Capabilities {acceptInsecureCerts: false, browserName: chrome, browserVersion: 148.0.7778.168, chrome: {chromedriverVersion: 148.0.7778.178 (d096af1c9e9..., userDataDir: C:\Users\Le\AppData\Local\T...}, fedcm:accounts: true, goog:chromeOptions: {debuggerAddress: localhost:53444}, goog:processID: 15928, networkConnectionEnabled: false, pageLoadStrategy: normal, platformName: windows, proxy: Proxy(), se:cdp: ws://localhost:53444/devtoo..., se:cdpVersion: 148.0.7778.168, setWindowRect: true, strictFileInteractability: false, timeouts: {implicit: 0, pageLoad: 300000, script: 30000}, unhandledPromptBehavior: dismiss and notify, webauthn:extension:credBlob: true, webauthn:extension:largeBlob: true, webauthn:extension:minPinLength: true, webauthn:extension:prf: true, webauthn:virtualAuthenticators: true}
Session ID: f34a75020dda7879095b2ee37b274859
at org.openqa.selenium.support.ui.WebDriverWait.timeoutException(WebDriverWait.java:84)
at org.openqa.selenium.support.ui.FluentWait.until(FluentWait.java:228)
at base.BaseTest.waitVisible(BaseTest.java:49)
at tests.integration.checkout.CheckoutIntegrationTests.INT_23_Login_Checkout_Payment(CheckoutIntegrationTests.java:66)
at java.base/java.util.ArrayList.forEach(ArrayList.java:1511)
... Removed 27 stack frames]]>
    </failure>
  </testcase> <!-- INT_23_Login_Checkout_Payment -->
</testsuite> <!-- IntegrationTests -->
