<?xml version="1.0" encoding="UTF-8"?>
<!-- Generated by org.testng.reporters.JUnitXMLReporter -->
<testsuite ignored="0" hostname="LAPTOP-1R7TRGTV" failures="1" tests="29" name="SystemTests" time="288.134" errors="0" timestamp="2026-05-21T10:32:26 ICT">
  <testcase classname="tests.system.auth.AuthSystemTests" name="SYS_01_Register_New_Account" time="7.689"/>
  <testcase classname="tests.system.auth.AuthSystemTests" name="SYS_02_Register_Existing_Email" time="2.619"/>
  <testcase classname="tests.system.auth.AuthSystemTests" name="SYS_03_Login_System" time="5.013"/>
  <testcase classname="tests.system.auth.AuthSystemTests" name="SYS_04_Login_Invalid_Password" time="5.127"/>
  <testcase classname="tests.system.auth.AuthSystemTests" name="SYS_05_Login_Empty_Email" time="1.877"/>
  <testcase classname="tests.system.auth.AuthSystemTests" name="SYS_06_Login_Empty_Password" time="1.894"/>
  <testcase classname="tests.system.product.ProductSystemTests" name="SYS_07_Search_Product_System" time="4.076"/>
  <testcase classname="tests.system.product.ProductSystemTests" name="SYS_08_Search_Invalid" time="16.647"/>
  <testcase classname="tests.system.product.ProductSystemTests" name="SYS_14_View_Product_Detail_System" time="2.902"/>
  <testcase classname="tests.system.product.ProductSystemTests" name="SYS_15_Category_Women_Dress" time="4.262"/>
  <testcase classname="tests.system.product.ProductSystemTests" name="SYS_16_Category_Women_Tops" time="4.211"/>
  <testcase classname="tests.system.product.ProductSystemTests" name="SYS_17_Category_Women_Saree" time="4.388"/>
  <testcase classname="tests.system.product.ProductSystemTests" name="SYS_18_Category_Men_Tshirts" time="5.055"/>
  <testcase classname="tests.system.product.ProductSystemTests" name="SYS_19_Category_Men_Jeans" time="3.988"/>
  <testcase classname="tests.system.product.ProductSystemTests" name="SYS_20_Category_Kids_Dress" time="4.631"/>
  <testcase classname="tests.system.product.ProductSystemTests" name="SYS_21_Category_Kids_Tops_Shirts" time="5.115"/>
  <testcase classname="tests.system.product.ProductSystemTests" name="SYS_22_Brands" time="8.105"/>
  <testcase classname="tests.system.cart.CartSystemTests" name="SYS_09_Add_To_Cart_System" time="4.407"/>
  <testcase classname="tests.system.cart.CartSystemTests" name="SYS_10_Remove_From_Cart" time="6.397"/>
  <testcase classname="tests.system.cart.CartSystemTests" name="SYS_11_Update_Quantity" time="4.787"/>
  <testcase classname="tests.system.ecommerce.EcommerceSystemTests" name="SYS_12_Subscription_System" time="10.303">
    <failure type="org.openqa.selenium.TimeoutException" message="Expected condition failed: waiting for visibility of element located by By.xpath: //*[contains(text(),&amp;apos;Successfully subscribed!&amp;apos;)] (tried for 10 second(s) with 500 milliseconds interval)
Build info: version: &amp;apos;4.20.0&amp;apos;, revision: &amp;apos;866c76ca80&amp;apos;
System info: os.name: &amp;apos;Windows 11&amp;apos;, os.arch: &amp;apos;amd64&amp;apos;, os.version: &amp;apos;10.0&amp;apos;, java.version: &amp;apos;17.0.19&amp;apos;
Driver info: org.openqa.selenium.chrome.ChromeDriver
Capabilities {acceptInsecureCerts: false, browserName: chrome, browserVersion: 148.0.7778.168, chrome: {chromedriverVersion: 148.0.7778.178 (d096af1c9e9..., userDataDir: C:\Users\Le\AppData\Local\T...}, fedcm:accounts: true, goog:chromeOptions: {debuggerAddress: localhost:49252}, goog:processID: 32032, networkConnectionEnabled: false, pageLoadStrategy: normal, platformName: windows, proxy: Proxy(), se:cdp: ws://localhost:49252/devtoo..., se:cdpVersion: 148.0.7778.168, setWindowRect: true, strictFileInteractability: false, timeouts: {implicit: 0, pageLoad: 300000, script: 30000}, unhandledPromptBehavior: dismiss and notify, webauthn:extension:credBlob: true, webauthn:extension:largeBlob: true, webauthn:extension:minPinLength: true, webauthn:extension:prf: true, webauthn:virtualAuthenticators: true}
Session ID: ead9e5fae84b3b3be80c7602a899bbf0">
      <![CDATA[org.openqa.selenium.TimeoutException: Expected condition failed: waiting for visibility of element located by By.xpath: //*[contains(text(),'Successfully subscribed!')] (tried for 10 second(s) with 500 milliseconds interval)
Build info: version: '4.20.0', revision: '866c76ca80'
System info: os.name: 'Windows 11', os.arch: 'amd64', os.version: '10.0', java.version: '17.0.19'
Driver info: org.openqa.selenium.chrome.ChromeDriver
Capabilities {acceptInsecureCerts: false, browserName: chrome, browserVersion: 148.0.7778.168, chrome: {chromedriverVersion: 148.0.7778.178 (d096af1c9e9..., userDataDir: C:\Users\Le\AppData\Local\T...}, fedcm:accounts: true, goog:chromeOptions: {debuggerAddress: localhost:49252}, goog:processID: 32032, networkConnectionEnabled: false, pageLoadStrategy: normal, platformName: windows, proxy: Proxy(), se:cdp: ws://localhost:49252/devtoo..., se:cdpVersion: 148.0.7778.168, setWindowRect: true, strictFileInteractability: false, timeouts: {implicit: 0, pageLoad: 300000, script: 30000}, unhandledPromptBehavior: dismiss and notify, webauthn:extension:credBlob: true, webauthn:extension:largeBlob: true, webauthn:extension:minPinLength: true, webauthn:extension:prf: true, webauthn:virtualAuthenticators: true}
Session ID: ead9e5fae84b3b3be80c7602a899bbf0
at org.openqa.selenium.support.ui.WebDriverWait.timeoutException(WebDriverWait.java:84)
at org.openqa.selenium.support.ui.FluentWait.until(FluentWait.java:228)
at base.BaseTest.waitVisible(BaseTest.java:49)
at tests.system.ecommerce.EcommerceSystemTests.SYS_12_Subscription_System(EcommerceSystemTests.java:31)
at java.base/java.util.ArrayList.forEach(ArrayList.java:1511)
... Removed 27 stack frames]]>
    </failure>
  </testcase> <!-- SYS_12_Subscription_System -->
  <testcase classname="tests.system.ecommerce.EcommerceSystemTests" name="SYS_13_Contact_Us_System" time="2.822"/>
  <testcase classname="tests.system.ecommerce.EcommerceSystemTests" name="SYS_23_Scroll_Up" time="0.159"/>
  <testcase classname="tests.system.ecommerce.EcommerceSystemTests" name="SYS_24_Scroll_Down" time="0.107"/>
  <testcase classname="tests.system.ecommerce.EcommerceSystemTests" name="SYS_25_Navigate_Products" time="1.682"/>
  <testcase classname="tests.system.ecommerce.EcommerceSystemTests" name="SYS_26_Navigate_TestCases" time="1.769"/>
  <testcase classname="tests.system.ecommerce.EcommerceSystemTests" name="SYS_27_Navigate_API" time="1.435"/>
  <testcase classname="tests.system.ecommerce.EcommerceSystemTests" name="SYS_28_Navigate_Video" time="2.814"/>
  <testcase classname="tests.system.ecommerce.EcommerceSystemTests" name="SYS_29_Navigate_ContactUs" time="1.455"/>
</testsuite> <!-- SystemTests -->
