<?xml version="1.0" encoding="UTF-8"?>
<!-- Generated by org.testng.reporters.JUnitReportReporter -->
<testsuite hostname="LAPTOP-1R7TRGTV" failures="0" tests="11" name="tests.system.product.ProductSystemTests" time="234.955" errors="0" timestamp="2026-05-21T11:34:10 ICT" skipped="0">
  <testcase classname="tests.system.product.ProductSystemTests" name="SYS_22_Brands" time="18.731"/>
  <testcase classname="tests.system.product.ProductSystemTests" name="SYS_15_Category_Women_Dress" time="21.906"/>
  <testcase classname="tests.system.product.ProductSystemTests" name="SYS_08_Search_Invalid" time="25.093"/>
  <testcase classname="tests.system.product.ProductSystemTests" name="SYS_16_Category_Women_Tops" time="20.754"/>
  <testcase classname="tests.system.product.ProductSystemTests" name="SYS_21_Category_Kids_Tops_Shirts" time="19.987"/>
  <testcase classname="tests.system.product.ProductSystemTests" name="SYS_14_View_Product_Detail_System" time="19.900"/>
  <testcase classname="tests.system.product.ProductSystemTests" name="SYS_19_Category_Men_Jeans" time="25.736"/>
  <testcase classname="tests.system.product.ProductSystemTests" name="SYS_17_Category_Women_Saree" time="20.069"/>
  <testcase classname="tests.system.product.ProductSystemTests" name="SYS_07_Search_Product_System" time="19.666"/>
  <testcase classname="tests.system.product.ProductSystemTests" name="SYS_20_Category_Kids_Dress" time="22.022"/>
  <testcase classname="tests.system.product.ProductSystemTests" name="SYS_18_Category_Men_Tshirts" time="21.091"/>
</testsuite> <!-- tests.system.product.ProductSystemTests -->
