<?xml version="1.0" encoding="UTF-8"?>
<!-- Generated by org.testng.reporters.JUnitReportReporter -->
<testsuite hostname="LAPTOP-1R7TRGTV" failures="0" tests="6" name="tests.system.auth.AuthSystemTests" time="124.011" errors="0" timestamp="2026-05-21T11:34:10 ICT" skipped="0">
  <testcase classname="tests.system.auth.AuthSystemTests" name="SYS_02_Register_Existing_Email" time="24.133"/>
  <testcase classname="tests.system.auth.AuthSystemTests" name="SYS_01_Register_New_Account" time="24.626"/>
  <testcase classname="tests.system.auth.AuthSystemTests" name="SYS_05_Login_Empty_Email" time="18.019"/>
  <testcase classname="tests.system.auth.AuthSystemTests" name="SYS_04_Login_Invalid_Password" time="26.932"/>
  <testcase classname="tests.system.auth.AuthSystemTests" name="SYS_06_Login_Empty_Password" time="13.667"/>
  <testcase classname="tests.system.auth.AuthSystemTests" name="SYS_03_Login_System" time="16.634"/>
</testsuite> <!-- tests.system.auth.AuthSystemTests -->
