<?xml version="1.0" encoding="UTF-8"?>
<!-- Generated by org.testng.reporters.JUnitReportReporter -->
<testsuite hostname="LAPTOP-1R7TRGTV" failures="0" tests="4" name="tests.unit.cart.CartUnitTests" time="0.004" errors="0" timestamp="2026-05-21T11:34:10 ICT" skipped="0">
  <testcase classname="tests.unit.cart.CartUnitTests" name="UNIT_12_Calculate_Cart_Quantity" time="0.002"/>
  <testcase classname="tests.unit.cart.CartUnitTests" name="UNIT_04_Empty_Cart_Total" time="0.000"/>
  <testcase classname="tests.unit.cart.CartUnitTests" name="UNIT_03_Calculate_Total_Cart" time="0.001"/>
  <testcase classname="tests.unit.cart.CartUnitTests" name="UNIT_19_Validate_Cart_Not_Empty" time="0.001"/>
</testsuite> <!-- tests.unit.cart.CartUnitTests -->
