<?xml version="1.0" encoding="UTF-8"?>
<!-- Generated by org.testng.reporters.JUnitReportReporter -->
<testsuite hostname="LAPTOP-1R7TRGTV" failures="0" tests="6" name="tests.unit.product.ProductUnitTests" time="0.006" errors="0" timestamp="2026-05-21T11:34:10 ICT" skipped="0">
  <testcase classname="tests.unit.product.ProductUnitTests" name="UNIT_21_Validate_Popup_Message" time="0.001"/>
  <testcase classname="tests.unit.product.ProductUnitTests" name="UNIT_20_Validate_Product_Image" time="0.001"/>
  <testcase classname="tests.unit.product.ProductUnitTests" name="UNIT_14_Check_Product_Price" time="0.002"/>
  <testcase classname="tests.unit.product.ProductUnitTests" name="UNIT_13_Check_Product_Name" time="0.001"/>
  <testcase classname="tests.unit.product.ProductUnitTests" name="UNIT_10_Validate_Search_Keyword" time="0.000"/>
  <testcase classname="tests.unit.product.ProductUnitTests" name="UNIT_11_Calculate_Discount" time="0.001"/>
</testsuite> <!-- tests.unit.product.ProductUnitTests -->
