<?xml version="1.0" encoding="UTF-8"?>
<!-- Generated by org.testng.reporters.JUnitReportReporter -->
<testsuite hostname="LAPTOP-1R7TRGTV" failures="0" tests="7" name="tests.integration.product.ProductIntegrationTests" time="201.115" errors="0" timestamp="2026-05-21T11:34:10 ICT" skipped="0">
  <testcase classname="tests.integration.product.ProductIntegrationTests" name="INT_24_Write_Review_Product" time="24.914"/>
  <testcase classname="tests.integration.product.ProductIntegrationTests" name="INT_11_Search_And_Add_To_Cart" time="35.638"/>
  <testcase classname="tests.integration.product.ProductIntegrationTests" name="INT_16_Search_Category_Cart" time="32.355"/>
  <testcase classname="tests.integration.product.ProductIntegrationTests" name="INT_12_Search_ViewProduct" time="18.102"/>
  <testcase classname="tests.integration.product.ProductIntegrationTests" name="INT_15_Search_AddMulti" time="25.717"/>
  <testcase classname="tests.integration.product.ProductIntegrationTests" name="INT_13_Search_Special" time="29.097"/>
  <testcase classname="tests.integration.product.ProductIntegrationTests" name="INT_14_Search_Invalid" time="35.292"/>
</testsuite> <!-- tests.integration.product.ProductIntegrationTests -->
