<?xml version="1.0" encoding="UTF-8"?>
<!-- Generated by org.testng.reporters.JUnitReportReporter -->
<testsuite hostname="LAPTOP-1R7TRGTV" failures="0" tests="3" name="tests.system.cart.CartSystemTests" time="59.871" errors="0" timestamp="2026-05-21T11:34:10 ICT" skipped="0">
  <testcase classname="tests.system.cart.CartSystemTests" name="SYS_09_Add_To_Cart_System" time="18.092"/>
  <testcase classname="tests.system.cart.CartSystemTests" name="SYS_10_Remove_From_Cart" time="20.698"/>
  <testcase classname="tests.system.cart.CartSystemTests" name="SYS_11_Update_Quantity" time="21.081"/>
</testsuite> <!-- tests.system.cart.CartSystemTests -->
