<?xml version="1.0" encoding="UTF-8"?>
<!-- Generated by org.testng.reporters.JUnitReportReporter -->
<testsuite hostname="LAPTOP-1R7TRGTV" failures="0" tests="8" name="tests.unit.auth.AuthUnitTests" time="0.024" errors="0" timestamp="2026-05-21T11:34:10 ICT" skipped="0">
  <testcase classname="tests.unit.auth.AuthUnitTests" name="UNIT_02_Validate_Email_Invalid" time="0.002"/>
  <testcase classname="tests.unit.auth.AuthUnitTests" name="UNIT_06_Password_TooShort" time="0.000"/>
  <testcase classname="tests.unit.auth.AuthUnitTests" name="UNIT_08_Validate_Password_Invalid" time="0.000"/>
  <testcase classname="tests.unit.auth.AuthUnitTests" name="UNIT_07_Validate_Password" time="0.000"/>
  <testcase classname="tests.unit.auth.AuthUnitTests" name="UNIT_01_Validate_Email" time="0.018"/>
  <testcase classname="tests.unit.auth.AuthUnitTests" name="UNIT_17_Validate_Empty_Password" time="0.001"/>
  <testcase classname="tests.unit.auth.AuthUnitTests" name="UNIT_05_Password_Strength" time="0.002"/>
  <testcase classname="tests.unit.auth.AuthUnitTests" name="UNIT_09_Validate_Empty_Email" time="0.001"/>
</testsuite> <!-- tests.unit.auth.AuthUnitTests -->
